{"FireGroup":0,"Flags":16842765,"GuiFocus":6,"Pips":[2,8,2],"event":"Status","timestamp":"2018-07-26T19:27:48Z"}
{"FireGroup":0,"Flags":16842765,"GuiFocus":5,"Pips":[2,8,2],"event":"Status","timestamp":"2018-07-26T19:27:51Z"}
{"FireGroup":0,"Flags":16842765,"GuiFocus":7,"Pips":[2,8,2],"event":"Status","timestamp":"2018-07-26T19:27:52Z"}
{"FireGroup":0,"Flags":16842765,"GuiFocus":5,"Pips":[2,8,2],"event":"Status","timestamp":"2018-07-26T19:28:05Z"}
{"FireGroup":0,"Flags":16842765,"GuiFocus":0,"Pips":[2,8,2],"event":"Status","timestamp":"2018-07-26T19:28:10Z"}
{"FireGroup":0,"Flags":16842765,"GuiFocus":0,"Pips":[4,4,4],"event":"Status","timestamp":"2018-07-26T19:28:15Z"}
{"FireGroup":0,"Flags":16842765,"GuiFocus":0,"Pips":[6,3,3],"event":"Status","timestamp":"2018-07-26T19:28:20Z"}
{"FireGroup":0,"Flags":16842765,"GuiFocus":0,"Pips":[3,6,3],"event":"Status","timestamp":"2018-07-26T19:28:21Z"}
{"FireGroup":0,"Flags":16842765,"GuiFocus":0,"Pips":[2,8,2],"event":"Status","timestamp":"2018-07-26T19:28:22Z"}
{"FireGroup":0,"Flags":16842765,"GuiFocus":2,"Pips":[2,8,2],"event":"Status","timestamp":"2018-07-26T19:28:32Z"}
{"FireGroup":0,"Flags":16842764,"GuiFocus":2,"Pips":[2,8,2],"event":"Status","timestamp":"2018-07-26T19:28:33Z"}
{"FireGroup":0,"Flags":16842764,"GuiFocus":0,"Pips":[2,8,2],"event":"Status","timestamp":"2018-07-26T19:28:34Z"}
{"FireGroup":0,"Flags":16842760,"GuiFocus":0,"Pips":[2,8,2],"event":"Status","timestamp":"2018-07-26T19:28:53Z"}
{"FireGroup":0,"Flags":16842760,"GuiFocus":2,"Pips":[2,8,2],"event":"Status","timestamp":"2018-07-26T19:29:04Z"}
{"FireGroup":0,"Flags":16777224,"GuiFocus":2,"Pips":[2,8,2],"event":"Status","timestamp":"2018-07-26T19:29:12Z"}
{"FireGroup":0,"Flags":16777224,"GuiFocus":0,"Pips":[2,8,2],"event":"Status","timestamp":"2018-07-26T19:29:14Z"}
{"FireGroup":0,"Flags":16908296,"GuiFocus":0,"Pips":[2,8,2],"event":"Status","timestamp":"2018-07-26T19:29:22Z"}
{"FireGroup":0,"Flags":16908296,"GuiFocus":2,"Pips":[2,8,2],"event":"Status","timestamp":"2018-07-26T19:29:23Z"}
{"FireGroup":0,"Flags":16908296,"GuiFocus":0,"Pips":[2,8,2],"event":"Status","timestamp":"2018-07-26T19:29:24Z"}
{"FireGroup":0,"Flags":16777240,"GuiFocus":0,"Pips":[2,8,2],"event":"Status","timestamp":"2018-07-26T19:29:32Z"}
{"Altitude":2132029,"FireGroup":0,"Flags":18874392,"GuiFocus":2,"Heading":324,"Latitude":52.148514,"Longitude":83.649139,"Pips":[2,8,2],"event":"Status","timestamp":"2018-07-26T19:29:50Z"}
{"Altitude":1850904,"FireGroup":0,"Flags":18874392,"GuiFocus":2,"Heading":320,"Latitude":55.340462,"Longitude":79.438454,"Pips":[2,8,2],"event":"Status","timestamp":"2018-07-26T19:29:51Z"}
{"Altitude":1655090,"FireGroup":0,"Flags":18874392,"GuiFocus":2,"Heading":317,"Latitude":57.910908,"Longitude":75.332245,"Pips":[2,8,2],"event":"Status","timestamp":"2018-07-26T19:29:52Z"}
{"Altitude":1509826,"FireGroup":0,"Flags":18874392,"GuiFocus":2,"Heading":314,"Latitude":60.037235,"Longitude":71.239273,"Pips":[2,8,2],"event":"Status","timestamp":"2018-07-26T19:29:53Z"}
{"Altitude":1403723,"FireGroup":0,"Flags":18874392,"GuiFocus":2,"Heading":310,"Latitude":61.728012,"Longitude":67.348763,"Pips":[2,8,2],"event":"Status","timestamp":"2018-07-26T19:29:54Z"}
{"Altitude":1322965,"FireGroup":0,"Flags":18874392,"GuiFocus":0,"Heading":306,"Latitude":63.099705,"Longitude":63.608112,"Pips":[2,8,2],"event":"Status","timestamp":"2018-07-26T19:29:55Z"}
{"Altitude":1251091,"FireGroup":0,"Flags":18874392,"GuiFocus":0,"Heading":293,"Latitude":64.086021,"Longitude":59.882809,"Pips":[2,8,2],"event":"Status","timestamp":"2018-07-26T19:29:56Z"}
{"Altitude":1189002,"FireGroup":0,"Flags":18874392,"GuiFocus":0,"Heading":287,"Latitude":64.618217,"Longitude":56.369492,"Pips":[2,8,2],"event":"Status","timestamp":"2018-07-26T19:29:57Z"}
{"Altitude":1128167,"FireGroup":0,"Flags":18874392,"GuiFocus":0,"Heading":284,"Latitude":65.035797,"Longitude":52.873672,"Pips":[2,8,2],"event":"Status","timestamp":"2018-07-26T19:29:58Z"}
{"Altitude":1064924,"FireGroup":0,"Flags":18874392,"GuiFocus":0,"Heading":280,"Latitude":65.382385,"Longitude":48.940731,"Pips":[2,8,2],"event":"Status","timestamp":"2018-07-26T19:29:59Z"}
{"Altitude":1000350,"FireGroup":0,"Flags":18874392,"GuiFocus":0,"Heading":276,"Latitude":65.648811,"Longitude":44.369816,"Pips":[2,8,2],"event":"Status","timestamp":"2018-07-26T19:30:00Z"}
{"Altitude":939924,"FireGroup":0,"Flags":18874392,"GuiFocus":0,"Heading":271,"Latitude":65.778236,"Longitude":39.455914,"Pips":[2,8,2],"event":"Status","timestamp":"2018-07-26T19:30:01Z"}
{"Altitude":886004,"FireGroup":0,"Flags":18874392,"GuiFocus":0,"Heading":263,"Latitude":65.698265,"Longitude":34.372562,"Pips":[2,8,2],"event":"Status","timestamp":"2018-07-26T19:30:02Z"}
{"Altitude":840768,"FireGroup":0,"Flags":18874392,"GuiFocus":0,"Heading":254,"Latitude":65.294685,"Longitude":29.315784,"Pips":[2,8,2],"event":"Status","timestamp":"2018-07-26T19:30:03Z"}
{"Altitude":823272,"FireGroup":0,"Flags":18874392,"GuiFocus":0,"Heading":245,"Latitude":64.509987,"Longitude":24.362127,"Pips":[2,8,2],"event":"Status","timestamp":"2018-07-26T19:30:04Z"}
{"Altitude":848991,"FireGroup":0,"Flags":18874392,"GuiFocus":0,"Heading":240,"Latitude":63.42865,"Longitude":19.603798,"Pips":[2,8,2],"event":"Status","timestamp":"2018-07-26T19:30:05Z"}
{"Altitude":874608,"FireGroup":0,"Flags":18874392,"GuiFocus":0,"Heading":234,"Latitude":62.231953,"Longitude":15.527717,"Pips":[2,8,2],"event":"Status","timestamp":"2018-07-26T19:30:06Z"}
{"Altitude":896659,"FireGroup":0,"Flags":18874392,"GuiFocus":0,"Heading":228,"Latitude":60.859089,"Longitude":11.891624,"Pips":[2,8,2],"event":"Status","timestamp":"2018-07-26T19:30:07Z"}
{"Altitude":917962,"FireGroup":0,"Flags":18874392,"GuiFocus":0,"Heading":223,"Latitude":59.363483,"Longitude":8.752346,"Pips":[2,8,2],"event":"Status","timestamp":"2018-07-26T19:30:08Z"}
{"Altitude":945162,"FireGroup":0,"Flags":18874392,"GuiFocus":2,"Heading":218,"Latitude":57.717503,"Longitude":5.98188,"Pips":[2,8,2],"event":"Status","timestamp":"2018-07-26T19:30:09Z"}
{"Altitude":978059,"FireGroup":0,"Flags":18874392,"GuiFocus":0,"Heading":214,"Latitude":55.979797,"Longitude":3.617507,"Pips":[2,8,2],"event":"Status","timestamp":"2018-07-26T19:30:10Z"}
{"Altitude":1015827,"FireGroup":0,"Flags":18874392,"GuiFocus":2,"Heading":210,"Latitude":54.205002,"Longitude":1.646531,"Pips":[2,8,2],"event":"Status","timestamp":"2018-07-26T19:30:11Z"}
{"Altitude":1063358,"FireGroup":0,"Flags":18874392,"GuiFocus":0,"Heading":208,"Latitude":52.37141,"Longitude":-0.080302,"Pips":[2,8,2],"event":"Status","timestamp":"2018-07-26T19:30:13Z"}
{"Altitude":1118380,"FireGroup":0,"Flags":18874392,"GuiFocus":0,"Heading":207,"Latitude":50.545792,"Longitude":-1.620567,"Pips":[2,8,2],"event":"Status","timestamp":"2018-07-26T19:30:14Z"}
{"Altitude":1180214,"FireGroup":0,"Flags":18874392,"GuiFocus":0,"Heading":206,"Latitude":48.735538,"Longitude":-3.008283,"Pips":[2,8,2],"event":"Status","timestamp":"2018-07-26T19:30:15Z"}
{"Altitude":1247286,"FireGroup":0,"Flags":18874392,"GuiFocus":0,"Heading":205,"Latitude":46.9813,"Longitude":-4.239828,"Pips":[2,8,2],"event":"Status","timestamp":"2018-07-26T19:30:16Z"}
{"Altitude":1321804,"FireGroup":0,"Flags":18874392,"GuiFocus":0,"Heading":204,"Latitude":45.224487,"Longitude":-5.376441,"Pips":[2,8,2],"event":"Status","timestamp":"2018-07-26T19:30:17Z"}
{"Altitude":1400820,"FireGroup":0,"Flags":18874392,"GuiFocus":0,"Heading":203,"Latitude":43.532265,"Longitude":-6.391169,"Pips":[2,8,2],"event":"Status","timestamp":"2018-07-26T19:30:18Z"}
{"Altitude":1486828,"FireGroup":0,"Flags":18874392,"GuiFocus":0,"Heading":202,"Latitude":41.843155,"Longitude":-7.335883,"Pips":[2,8,2],"event":"Status","timestamp":"2018-07-26T19:30:19Z"}
{"Altitude":1576207,"FireGroup":0,"Flags":18874392,"GuiFocus":0,"Heading":201,"Latitude":40.220711,"Longitude":-8.186503,"Pips":[2,8,2],"event":"Status","timestamp":"2018-07-26T19:30:20Z"}
{"Altitude":1662350,"FireGroup":0,"Flags":18874392,"GuiFocus":3,"Heading":202,"Latitude":38.575775,"Longitude":-9.017197,"Pips":[2,8,2],"event":"Status","timestamp":"2018-07-26T19:30:21Z"}
{"Altitude":1728048,"FireGroup":0,"Flags":18874392,"GuiFocus":0,"Heading":201,"Latitude":36.914658,"Longitude":-9.844423,"Pips":[2,8,2],"event":"Status","timestamp":"2018-07-26T19:30:22Z"}
{"Altitude":1782466,"FireGroup":0,"Flags":18874392,"GuiFocus":0,"Heading":201,"Latitude":35.203835,"Longitude":-10.677294,"Pips":[2,8,2],"event":"Status","timestamp":"2018-07-26T19:30:23Z"}
{"Altitude":1838248,"FireGroup":0,"Flags":18874392,"GuiFocus":0,"Heading":201,"Latitude":33.539463,"Longitude":-11.453995,"Pips":[2,8,2],"event":"Status","timestamp":"2018-07-26T19:30:24Z"}
{"Altitude":1899114,"FireGroup":0,"Flags":18874392,"GuiFocus":0,"Heading":200,"Latitude":31.891691,"Longitude":-12.187866,"Pips":[2,8,2],"event":"Status","timestamp":"2018-07-26T19:30:25Z"}
{"Altitude":1962376,"FireGroup":0,"Flags":18874392,"GuiFocus":0,"Heading":200,"Latitude":30.189285,"Longitude":-12.914109,"Pips":[2,8,2],"event":"Status","timestamp":"2018-07-26T19:30:26Z"}
{"Altitude":2027762,"FireGroup":0,"Flags":18874392,"GuiFocus":0,"Heading":198,"Latitude":28.349535,"Longitude":-13.649265,"Pips":[2,8,2],"event":"Status","timestamp":"2018-07-26T19:30:27Z"}
{"Altitude":2101890,"FireGroup":0,"Flags":18874392,"GuiFocus":0,"Heading":197,"Latitude":26.423946,"Longitude":-14.356537,"Pips":[2,8,2],"event":"Status","timestamp":"2018-07-26T19:30:28Z"}
{"Altitude":2180138,"FireGroup":0,"Flags":18874392,"GuiFocus":0,"Heading":197,"Latitude":24.415751,"Longitude":-15.052453,"Pips":[2,8,2],"event":"Status","timestamp":"2018-07-26T19:30:29Z"}
{"Altitude":2264889,"FireGroup":0,"Flags":18874392,"GuiFocus":0,"Heading":196,"Latitude":22.299503,"Longitude":-15.748901,"Pips":[2,8,2],"event":"Status","timestamp":"2018-07-26T19:30:30Z"}
{"Altitude":2362918,"FireGroup":0,"Flags":18874392,"GuiFocus":0,"Heading":195,"Latitude":20.032101,"Longitude":-16.438213,"Pips":[2,8,2],"event":"Status","timestamp":"2018-07-26T19:30:31Z"}
{"FireGroup":0,"Flags":16777240,"GuiFocus":0,"Pips":[2,8,2],"event":"Status","timestamp":"2018-07-26T19:30:32Z"}
{"Altitude":2347847,"FireGroup":0,"Flags":18874392,"GuiFocus":0,"Heading":211,"Latitude":-20.704208,"Longitude":-26.787786,"Pips":[2,8,2],"event":"Status","timestamp":"2018-07-26T19:30:47Z"}
{"Altitude":2170856,"FireGroup":0,"Flags":18874392,"GuiFocus":0,"Heading":211,"Latitude":-22.044815,"Longitude":-27.662178,"Pips":[2,8,2],"event":"Status","timestamp":"2018-07-26T19:30:48Z"}
{"Altitude":2025830,"FireGroup":0,"Flags":18874392,"GuiFocus":0,"Heading":212,"Latitude":-23.198168,"Longitude":-28.439493,"Pips":[2,8,2],"event":"Status","timestamp":"2018-07-26T19:30:49Z"}
{"Altitude":1906878,"FireGroup":0,"Flags":18874392,"GuiFocus":0,"Heading":215,"Latitude":-24.130203,"Longitude":-29.116999,"Pips":[2,8,2],"event":"Status","timestamp":"2018-07-26T19:30:50Z"}
{"Altitude":1808600,"FireGroup":0,"Flags":18874392,"GuiFocus":0,"Heading":215,"Latitude":-24.908318,"Longitude":-29.72249,"Pips":[2,8,2],"event":"Status","timestamp":"2018-07-26T19:30:51Z"}
{"Altitude":1724250,"FireGroup":0,"Flags":18874392,"GuiFocus":0,"Heading":215,"Latitude":-25.589558,"Longitude":-30.25946,"Pips":[2,8,2],"event":"Status","timestamp":"2018-07-26T19:30:52Z"}
{"Altitude":1640294,"FireGroup":0,"Flags":18874392,"GuiFocus":0,"Heading":215,"Latitude":-26.270947,"Longitude":-30.802999,"Pips":[2,8,2],"event":"Status","timestamp":"2018-07-26T19:30:53Z"}
{"Altitude":1557172,"FireGroup":0,"Flags":18874392,"GuiFocus":0,"Heading":216,"Latitude":-26.943798,"Longitude":-31.344995,"Pips":[2,8,2],"event":"Status","timestamp":"2018-07-26T19:30:54Z"}
{"Altitude":1471178,"FireGroup":0,"Flags":18874392,"GuiFocus":0,"Heading":216,"Latitude":-27.624359,"Longitude":-31.896854,"Pips":[2,8,2],"event":"Status","timestamp":"2018-07-26T19:30:55Z"}
{"Altitude":1383818,"FireGroup":0,"Flags":18874392,"GuiFocus":0,"Heading":214,"Latitude":-28.30401,"Longitude":-32.443947,"Pips":[2,8,2],"event":"Status","timestamp":"2018-07-26T19:30:56Z"}
{"Altitude":1297132,"FireGroup":0,"Flags":18874392,"GuiFocus":0,"Heading":214,"Latitude":-28.988775,"Longitude":-32.974937,"Pips":[2,8,2],"event":"Status","timestamp":"2018-07-26T19:30:57Z"}
{"Altitude":1208912,"FireGroup":0,"Flags":18874392,"GuiFocus":0,"Heading":212,"Latitude":-29.701218,"Longitude":-33.517246,"Pips":[2,8,2],"event":"Status","timestamp":"2018-07-26T19:30:58Z"}
{"Altitude":1121247,"FireGroup":0,"Flags":18874392,"GuiFocus":0,"Heading":212,"Latitude":-30.44162,"Longitude":-34.06115,"Pips":[2,8,2],"event":"Status","timestamp":"2018-07-26T19:30:59Z"}
{"Altitude":1036988,"FireGroup":0,"Flags":18874392,"GuiFocus":0,"Heading":213,"Latitude":-31.202135,"Longitude":-34.627655,"Pips":[2,8,2],"event":"Status","timestamp":"2018-07-26T19:31:00Z"}
{"Altitude":953002,"FireGroup":0,"Flags":18874392,"GuiFocus":0,"Heading":214,"Latitude":-32.004478,"Longitude":-35.2593,"Pips":[2,8,2],"event":"Status","timestamp":"2018-07-26T19:31:01Z"}
{"Altitude":873820,"FireGroup":0,"Flags":18874392,"GuiFocus":0,"Heading":216,"Latitude":-32.79834,"Longitude":-35.927658,"Pips":[2,8,2],"event":"Status","timestamp":"2018-07-26T19:31:02Z"}
{"Altitude":800828,"FireGroup":0,"Flags":18874392,"GuiFocus":0,"Heading":216,"Latitude":-33.569599,"Longitude":-36.597095,"Pips":[2,8,2],"event":"Status","timestamp":"2018-07-26T19:31:03Z"}
{"Altitude":731027,"FireGroup":0,"Flags":18874392,"GuiFocus":0,"Heading":217,"Latitude":-34.339176,"Longitude":-37.280258,"Pips":[2,8,2],"event":"Status","timestamp":"2018-07-26T19:31:04Z"}
{"Altitude":672888,"FireGroup":0,"Flags":18874392,"GuiFocus":0,"Heading":215,"Latitude":-35.014473,"Longitude":-37.871571,"Pips":[2,8,2],"event":"Status","timestamp":"2018-07-26T19:31:05Z"}
{"Altitude":624170,"FireGroup":0,"Flags":18874392,"GuiFocus":0,"Heading":216,"Latitude":-35.60244,"Longitude":-38.382038,"Pips":[2,8,2],"event":"Status","timestamp":"2018-07-26T19:31:06Z"}
{"Altitude":579488,"FireGroup":0,"Flags":18874392,"GuiFocus":0,"Heading":216,"Latitude":-36.155064,"Longitude":-38.874619,"Pips":[2,8,2],"event":"Status","timestamp":"2018-07-26T19:31:07Z"}
{"Altitude":539738,"FireGroup":0,"Flags":18874392,"GuiFocus":0,"Heading":216,"Latitude":-36.66254,"Longitude":-39.329803,"Pips":[2,8,2],"event":"Status","timestamp":"2018-07-26T19:31:08Z"}
{"Altitude":503566,"FireGroup":0,"Flags":18874392,"GuiFocus":0,"Heading":216,"Latitude":-37.138954,"Longitude":-39.75676,"Pips":[2,8,2],"event":"Status","timestamp":"2018-07-26T19:31:09Z"}
{"Altitude":470024,"FireGroup":0,"Flags":18874392,"GuiFocus":0,"Heading":215,"Latitude":-37.594215,"Longitude":-40.163074,"Pips":[2,8,2],"event":"Status","timestamp":"2018-07-26T19:31:10Z"}
{"Altitude":439846,"FireGroup":0,"Flags":18874392,"GuiFocus":0,"Heading":215,"Latitude":-38.014267,"Longitude":-40.534916,"Pips":[2,8,2],"event":"Status","timestamp":"2018-07-26T19:31:11Z"}
{"Altitude":411912,"FireGroup":0,"Flags":18874392,"GuiFocus":0,"Heading":215,"Latitude":-38.407001,"Longitude":-40.887997,"Pips":[2,8,2],"event":"Status","timestamp":"2018-07-26T19:31:12Z"}
{"Altitude":386171,"FireGroup":0,"Flags":18874392,"GuiFocus":0,"Heading":216,"Latitude":-38.773678,"Longitude":-41.227676,"Pips":[2,8,2],"event":"Status","timestamp":"2018-07-26T19:31:13Z"}
{"Altitude":362330,"FireGroup":0,"Flags":18874392,"GuiFocus":0,"Heading":216,"Latitude":-39.118305,"Longitude":-41.554417,"Pips":[2,8,2],"event":"Status","timestamp":"2018-07-26T19:31:14Z"}
{"Altitude":340786,"FireGroup":0,"Flags":18874392,"GuiFocus":0,"Heading":217,"Latitude":-39.432934,"Longitude":-41.860126,"Pips":[2,8,2],"event":"Status","timestamp":"2018-07-26T19:31:15Z"}
{"Altitude":320418,"FireGroup":0,"Flags":18874392,"GuiFocus":0,"Heading":217,"Latitude":-39.73011,"Longitude":-42.153858,"Pips":[2,8,2],"event":"Status","timestamp":"2018-07-26T19:31:16Z"}
{"Altitude":301492,"FireGroup":0,"Flags":18874392,"GuiFocus":0,"Heading":217,"Latitude":-40.006409,"Longitude":-42.429337,"Pips":[2,8,2],"event":"Status","timestamp":"2018-07-26T19:31:17Z"}
{"Altitude":283848,"FireGroup":0,"Flags":18874392,"GuiFocus":0,"Heading":218,"Latitude":-40.263981,"Longitude":-42.688236,"Pips":[2,8,2],"event":"Status","timestamp":"2018-07-26T19:31:18Z"}
{"Altitude":267735,"FireGroup":0,"Flags":18874392,"GuiFocus":0,"Heading":217,"Latitude":-40.500347,"Longitude":-42.925472,"Pips":[2,8,2],"event":"Status","timestamp":"2018-07-26T19:31:19Z"}
{"Altitude":252608,"FireGroup":0,"Flags":18874392,"GuiFocus":0,"Heading":217,"Latitude":-40.727558,"Longitude":-43.148193,"Pips":[2,8,2],"event":"Status","timestamp":"2018-07-26T19:31:20Z"}
{"Altitude":238716,"FireGroup":0,"Flags":18874392,"GuiFocus":0,"Heading":217,"Latitude":-40.936821,"Longitude":-43.354858,"Pips":[2,8,2],"event":"Status","timestamp":"2018-07-26T19:31:21Z"}
{"Altitude":225528,"FireGroup":0,"Flags":18874392,"GuiFocus":0,"Heading":218,"Latitude":-41.132355,"Longitude":-43.555004,"Pips":[2,8,2],"event":"Status","timestamp":"2018-07-26T19:31:22Z"}
{"Altitude":213396,"FireGroup":0,"Flags":18874392,"GuiFocus":0,"Heading":218,"Latitude":-41.310783,"Longitude":-43.740547,"Pips":[2,8,2],"event":"Status","timestamp":"2018-07-26T19:31:23Z"}
{"Altitude":201806,"FireGroup":0,"Flags":18874392,"GuiFocus":0,"Heading":218,"Latitude":-41.480427,"Longitude":-43.917934,"Pips":[2,8,2],"event":"Status","timestamp":"2018-07-26T19:31:24Z"}
{"Altitude":191000,"FireGroup":0,"Flags":18874392,"GuiFocus":0,"Heading":218,"Latitude":-41.637016,"Longitude":-44.082443,"Pips":[2,8,2],"event":"Status","timestamp":"2018-07-26T19:31:25Z"}
{"Altitude":181078,"FireGroup":0,"Flags":18874392,"GuiFocus":0,"Heading":218,"Latitude":-41.781029,"Longitude":-44.234543,"Pips":[2,8,2],"event":"Status","timestamp":"2018-07-26T19:31:26Z"}
{"Altitude":171684,"FireGroup":0,"Flags":18874392,"GuiFocus":0,"Heading":219,"Latitude":-41.917618,"Longitude":-44.379795,"Pips":[2,8,2],"event":"Status","timestamp":"2018-07-26T19:31:27Z"}
{"Altitude":163102,"FireGroup":0,"Flags":18874392,"GuiFocus":0,"Heading":219,"Latitude":-42.042252,"Longitude":-44.513824,"Pips":[2,8,2],"event":"Status","timestamp":"2018-07-26T19:31:28Z"}
{"Altitude":155119,"FireGroup":0,"Flags":18874392,"GuiFocus":0,"Heading":219,"Latitude":-42.158348,"Longitude":-44.639214,"Pips":[2,8,2],"event":"Status","timestamp":"2018-07-26T19:31:29Z"}
{"Altitude":147524,"FireGroup":0,"Flags":18874392,"GuiFocus":0,"Heading":219,"Latitude":-42.268864,"Longitude":-44.758488,"Pips":[2,8,2],"event":"Status","timestamp":"2018-07-26T19:31:30Z"}
{"Altitude":140474,"FireGroup":0,"Flags":18874392,"GuiFocus":0,"Heading":219,"Latitude":-42.371544,"Longitude":-44.869358,"Pips":[2,8,2],"event":"Status","timestamp":"2018-07-26T19:31:31Z"}
{"Altitude":134040,"FireGroup":0,"Flags":18874392,"GuiFocus":0,"Heading":219,"Latitude":-42.465775,"Longitude":-44.971115,"Pips":[2,8,2],"event":"Status","timestamp":"2018-07-26T19:31:32Z"}
{"Altitude":128109,"FireGroup":0,"Flags":18874392,"GuiFocus":0,"Heading":218,"Latitude":-42.554287,"Longitude":-45.066498,"Pips":[2,8,2],"event":"Status","timestamp":"2018-07-26T19:31:33Z"}
{"Altitude":122712,"FireGroup":0,"Flags":18874392,"GuiFocus":0,"Heading":218,"Latitude":-42.638214,"Longitude":-45.156315,"Pips":[2,8,2],"event":"Status","timestamp":"2018-07-26T19:31:34Z"}
{"Altitude":117668,"FireGroup":0,"Flags":18874392,"GuiFocus":0,"Heading":218,"Latitude":-42.718899,"Longitude":-45.242165,"Pips":[2,8,2],"event":"Status","timestamp":"2018-07-26T19:31:35Z"}
{"Altitude":113111,"FireGroup":0,"Flags":18874392,"GuiFocus":0,"Heading":218,"Latitude":-42.793831,"Longitude":-45.321415,"Pips":[2,8,2],"event":"Status","timestamp":"2018-07-26T19:31:36Z"}
{"Altitude":108880,"FireGroup":0,"Flags":18874392,"GuiFocus":0,"Heading":217,"Latitude":-42.865341,"Longitude":-45.396362,"Pips":[2,8,2],"event":"Status","timestamp":"2018-07-26T19:31:37Z"}
{"Altitude":104798,"FireGroup":0,"Flags":18874392,"GuiFocus":0,"Heading":217,"Latitude":-42.934856,"Longitude":-45.468945,"Pips":[2,8,2],"event":"Status","timestamp":"2018-07-26T19:31:38Z"}
{"Altitude":100866,"FireGroup":0,"Flags":18874392,"GuiFocus":0,"Heading":217,"Latitude":-42.999924,"Longitude":-45.536602,"Pips":[2,8,2],"event":"Status","timestamp":"2018-07-26T19:31:39Z"}
{"Altitude":97154,"FireGroup":0,"Flags":18874392,"GuiFocus":0,"Heading":218,"Latitude":-43.058861,"Longitude":-45.598232,"Pips":[2,8,2],"event":"Status","timestamp":"2018-07-26T19:31:40Z"}
{"Altitude":93654,"FireGroup":0,"Flags":18874392,"GuiFocus":0,"Heading":218,"Latitude":-43.11322,"Longitude":-45.656452,"Pips":[2,8,2],"event":"Status","timestamp":"2018-07-26T19:31:41Z"}
{"Altitude":90265,"FireGroup":0,"Flags":18874392,"GuiFocus":0,"Heading":218,"Latitude":-43.164085,"Longitude":-45.711823,"Pips":[2,8,2],"event":"Status","timestamp":"2018-07-26T19:31:42Z"}
{"Altitude":87166,"FireGroup":0,"Flags":18874392,"GuiFocus":0,"Heading":218,"Latitude":-43.210644,"Longitude":-45.762516,"Pips":[2,8,2],"event":"Status","timestamp":"2018-07-26T19:31:43Z"}
{"Altitude":84240,"FireGroup":0,"Flags":18874392,"GuiFocus":0,"Heading":218,"Latitude":-43.254665,"Longitude":-45.81052,"Pips":[2,8,2],"event":"Status","timestamp":"2018-07-26T19:31:44Z"}
{"Altitude":81566,"FireGroup":0,"Flags":18874392,"GuiFocus":0,"Heading":218,"Latitude":-43.294979,"Longitude":-45.854542,"Pips":[2,8,2],"event":"Status","timestamp":"2018-07-26T19:31:45Z"}
{"Altitude":79028,"FireGroup":0,"Flags":18874392,"GuiFocus":0,"Heading":218,"Latitude":-43.333279,"Longitude":-45.896408,"Pips":[2,8,2],"event":"Status","timestamp":"2018-07-26T19:31:46Z"}
{"Altitude":76685,"FireGroup":0,"Flags":18874392,"GuiFocus":0,"Heading":218,"Latitude":-43.36821,"Longitude":-45.934059,"Pips":[2,8,2],"event":"Status","timestamp":"2018-07-26T19:31:47Z"}
{"Altitude":74473,"FireGroup":0,"Flags":18874392,"GuiFocus":0,"Heading":218,"Latitude":-43.401588,"Longitude":-45.96944,"Pips":[2,8,2],"event":"Status","timestamp":"2018-07-26T19:31:48Z"}
{"Altitude":72460,"FireGroup":0,"Flags":18874392,"GuiFocus":0,"Heading":217,"Latitude":-43.432178,"Longitude":-46.00177,"Pips":[2,8,2],"event":"Status","timestamp":"2018-07-26T19:31:49Z"}
{"Altitude":70588,"FireGroup":0,"Flags":18874392,"GuiFocus":0,"Heading":219,"Latitude":-43.460484,"Longitude":-46.03228,"Pips":[2,8,2],"event":"Status","timestamp":"2018-07-26T19:31:50Z"}
{"Altitude":68800,"FireGroup":0,"Flags":18874392,"GuiFocus":0,"Heading":219,"Latitude":-43.487194,"Longitude":-46.061707,"Pips":[2,8,2],"event":"Status","timestamp":"2018-07-26T19:31:51Z"}
{"Altitude":67140,"FireGroup":0,"Flags":18874392,"GuiFocus":0,"Heading":219,"Latitude":-43.512028,"Longitude":-46.089035,"Pips":[2,8,2],"event":"Status","timestamp":"2018-07-26T19:31:53Z"}
{"Altitude":65602,"FireGroup":0,"Flags":18874392,"GuiFocus":0,"Heading":219,"Latitude":-43.535084,"Longitude":-46.114403,"Pips":[2,8,2],"event":"Status","timestamp":"2018-07-26T19:31:54Z"}
{"Altitude":64154,"FireGroup":0,"Flags":18874392,"GuiFocus":0,"Heading":219,"Latitude":-43.556793,"Longitude":-46.138279,"Pips":[2,8,2],"event":"Status","timestamp":"2018-07-26T19:31:55Z"}
{"Altitude":62726,"FireGroup":0,"Flags":18874392,"GuiFocus":0,"Heading":219,"Latitude":-43.578232,"Longitude":-46.161846,"Pips":[2,8,2],"event":"Status","timestamp":"2018-07-26T19:31:56Z"}
{"Altitude":61343,"FireGroup":0,"Flags":18874392,"GuiFocus":0,"Heading":219,"Latitude":-43.599026,"Longitude":-46.184719,"Pips":[2,8,2],"event":"Status","timestamp":"2018-07-26T19:31:57Z"}
{"Altitude":59946,"FireGroup":0,"Flags":18874392,"GuiFocus":0,"Heading":219,"Latitude":-43.620052,"Longitude":-46.20787,"Pips":[2,8,2],"event":"Status","timestamp":"2018-07-26T19:31:58Z"}
{"Altitude":58540,"FireGroup":0,"Flags":18939928,"GuiFocus":0,"Heading":219,"Latitude":-43.641235,"Longitude":-46.231216,"Pips":[2,8,2],"event":"Status","timestamp":"2018-07-26T19:31:59Z"}
{"Altitude":56715,"FireGroup":0,"Flags":18874376,"GuiFocus":0,"Heading":219,"Latitude":-43.665279,"Longitude":-46.25774,"Pips":[2,8,2],"event":"Status","timestamp":"2018-07-26T19:32:00Z"}
{"Altitude":55300,"FireGroup":0,"Flags":18874376,"GuiFocus":0,"Heading":219,"Latitude":-43.686687,"Longitude":-46.281364,"Pips":[2,8,2],"event":"Status","timestamp":"2018-07-26T19:32:01Z"}
{"Altitude":53933,"FireGroup":0,"Flags":18874376,"GuiFocus":0,"Heading":219,"Latitude":-43.707844,"Longitude":-46.304733,"Pips":[2,8,2],"event":"Status","timestamp":"2018-07-26T19:32:02Z"}
{"Altitude":52558,"FireGroup":0,"Flags":18874376,"GuiFocus":0,"Heading":219,"Latitude":-43.729221,"Longitude":-46.328354,"Pips":[2,8,2],"event":"Status","timestamp":"2018-07-26T19:32:03Z"}
{"Altitude":51209,"FireGroup":0,"Flags":18874376,"GuiFocus":0,"Heading":219,"Latitude":-43.75024,"Longitude":-46.351585,"Pips":[2,8,2],"event":"Status","timestamp":"2018-07-26T19:32:04Z"}
{"Altitude":49821,"FireGroup":0,"Flags":18874376,"GuiFocus":0,"Heading":219,"Latitude":-43.77129,"Longitude":-46.374836,"Pips":[2,8,2],"event":"Status","timestamp":"2018-07-26T19:32:05Z"}
{"Altitude":48274,"FireGroup":0,"Flags":18874376,"GuiFocus":0,"Heading":218,"Latitude":-43.79295,"Longitude":-46.398632,"Pips":[2,8,2],"event":"Status","timestamp":"2018-07-26T19:32:06Z"}
{"Altitude":46578,"FireGroup":0,"Flags":18874376,"GuiFocus":0,"Heading":218,"Latitude":-43.8144,"Longitude":-46.421925,"Pips":[2,8,2],"event":"Status","timestamp":"2018-07-26T19:32:07Z"}
{"Altitude":45439,"FireGroup":0,"Flags":18874376,"GuiFocus":0,"Heading":217,"Latitude":-43.836166,"Longitude":-46.44521,"Pips":[2,8,2],"event":"Status","timestamp":"2018-07-26T19:32:08Z"}
{"Altitude":44555,"FireGroup":0,"Flags":18874376,"GuiFocus":0,"Heading":217,"Latitude":-43.857914,"Longitude":-46.468231,"Pips":[2,8,2],"event":"Status","timestamp":"2018-07-26T19:32:09Z"}
{"Altitude":43194,"FireGroup":0,"Flags":18874376,"GuiFocus":0,"Heading":217,"Latitude":-43.879807,"Longitude":-46.491261,"Pips":[2,8,2],"event":"Status","timestamp":"2018-07-26T19:32:10Z"}
{"Altitude":41454,"FireGroup":0,"Flags":18874376,"GuiFocus":0,"Heading":217,"Latitude":-43.901402,"Longitude":-46.513908,"Pips":[2,8,2],"event":"Status","timestamp":"2018-07-26T19:32:11Z"}
{"Altitude":39752,"FireGroup":0,"Flags":18874376,"GuiFocus":0,"Heading":217,"Latitude":-43.923393,"Longitude":-46.536934,"Pips":[2,8,2],"event":"Status","timestamp":"2018-07-26T19:32:12Z"}
{"Altitude":38239,"FireGroup":0,"Flags":18874376,"GuiFocus":0,"Heading":217,"Latitude":-43.945034,"Longitude":-46.559582,"Pips":[2,8,2],"event":"Status","timestamp":"2018-07-26T19:32:13Z"}
{"Altitude":36819,"FireGroup":0,"Flags":18874376,"GuiFocus":0,"Heading":217,"Latitude":-43.967129,"Longitude":-46.582691,"Pips":[2,8,2],"event":"Status","timestamp":"2018-07-26T19:32:14Z"}
{"Altitude":35508,"FireGroup":0,"Flags":18874376,"GuiFocus":0,"Heading":217,"Latitude":-43.988838,"Longitude":-46.605396,"Pips":[2,8,2],"event":"Status","timestamp":"2018-07-26T19:32:15Z"}
{"Altitude":34082,"FireGroup":0,"Flags":18874376,"GuiFocus":0,"Heading":217,"Latitude":-44.010803,"Longitude":-46.628372,"Pips":[2,8,2],"event":"Status","timestamp":"2018-07-26T19:32:16Z"}
{"Altitude":32710,"FireGroup":0,"Flags":18874376,"GuiFocus":0,"Heading":217,"Latitude":-44.032429,"Longitude":-46.650986,"Pips":[2,8,2],"event":"Status","timestamp":"2018-07-26T19:32:17Z"}
{"Altitude":31393,"FireGroup":0,"Flags":18874376,"GuiFocus":0,"Heading":217,"Latitude":-44.054512,"Longitude":-46.674095,"Pips":[2,8,2],"event":"Status","timestamp":"2018-07-26T19:32:18Z"}
{"Altitude":29975,"FireGroup":0,"Flags":18874376,"GuiFocus":0,"Heading":217,"Latitude":-44.076202,"Longitude":-46.696796,"Pips":[2,8,2],"event":"Status","timestamp":"2018-07-26T19:32:19Z"}
{"Altitude":28635,"FireGroup":0,"Flags":18874376,"GuiFocus":0,"Heading":217,"Latitude":-44.098396,"Longitude":-46.720036,"Pips":[2,8,2],"event":"Status","timestamp":"2018-07-26T19:32:20Z"}
{"Altitude":27242,"FireGroup":0,"Flags":18874376,"GuiFocus":0,"Heading":217,"Latitude":-44.12043,"Longitude":-46.743092,"Pips":[2,8,2],"event":"Status","timestamp":"2018-07-26T19:32:21Z"}
{"Altitude":25830,"FireGroup":0,"Flags":18874376,"GuiFocus":0,"Heading":217,"Latitude":-44.142525,"Longitude":-46.766224,"Pips":[2,8,2],"event":"Status","timestamp":"2018-07-26T19:32:22Z"}
{"Altitude":24499,"FireGroup":0,"Flags":18874376,"GuiFocus":0,"Heading":217,"Latitude":-44.164539,"Longitude":-46.789284,"Pips":[2,8,2],"event":"Status","timestamp":"2018-07-26T19:32:23Z"}
{"Altitude":23082,"FireGroup":0,"Flags":18874376,"GuiFocus":0,"Heading":217,"Latitude":-44.186237,"Longitude":-46.812004,"Pips":[2,8,2],"event":"Status","timestamp":"2018-07-26T19:32:24Z"}
{"Altitude":21516,"FireGroup":0,"Flags":18874376,"GuiFocus":0,"Heading":217,"Latitude":-44.208015,"Longitude":-46.834816,"Pips":[2,8,2],"event":"Status","timestamp":"2018-07-26T19:32:25Z"}
{"Altitude":20094,"FireGroup":0,"Flags":18874376,"GuiFocus":0,"Heading":217,"Latitude":-44.230106,"Longitude":-46.857979,"Pips":[2,8,2],"event":"Status","timestamp":"2018-07-26T19:32:26Z"}
{"Altitude":18757,"FireGroup":0,"Flags":18874376,"GuiFocus":0,"Heading":217,"Latitude":-44.252258,"Longitude":-46.881195,"Pips":[2,8,2],"event":"Status","timestamp":"2018-07-26T19:32:27Z"}
{"Altitude":17361,"FireGroup":0,"Flags":18874376,"GuiFocus":0,"Heading":217,"Latitude":-44.273987,"Longitude":-46.90398,"Pips":[2,8,2],"event":"Status","timestamp":"2018-07-26T19:32:28Z"}
{"Altitude":15911,"FireGroup":0,"Flags":18874376,"GuiFocus":0,"Heading":217,"Latitude":-44.296188,"Longitude":-46.92725,"Pips":[2,8,2],"event":"Status","timestamp":"2018-07-26T19:32:29Z"}
{"Altitude":14427,"FireGroup":0,"Flags":18874376,"GuiFocus":0,"Heading":217,"Latitude":-44.318012,"Longitude":-46.950134,"Pips":[2,8,2],"event":"Status","timestamp":"2018-07-26T19:32:30Z"}
{"Altitude":13121,"FireGroup":0,"Flags":18874376,"GuiFocus":0,"Heading":217,"Latitude":-44.340096,"Longitude":-46.973309,"Pips":[2,8,2],"event":"Status","timestamp":"2018-07-26T19:32:31Z"}
{"Altitude":11789,"FireGroup":0,"Flags":18874376,"GuiFocus":0,"Heading":217,"Latitude":-44.361946,"Longitude":-46.996239,"Pips":[2,8,2],"event":"Status","timestamp":"2018-07-26T19:32:32Z"}
{"Altitude":10398,"FireGroup":0,"Flags":18874376,"GuiFocus":0,"Heading":217,"Latitude":-44.383652,"Longitude":-47.01902,"Pips":[2,8,2],"event":"Status","timestamp":"2018-07-26T19:32:33Z"}
{"Altitude":8977,"FireGroup":0,"Flags":18874376,"GuiFocus":0,"Heading":217,"Latitude":-44.405853,"Longitude":-47.042324,"Pips":[2,8,2],"event":"Status","timestamp":"2018-07-26T19:32:34Z"}
{"Altitude":7487,"FireGroup":0,"Flags":18874376,"GuiFocus":0,"Heading":217,"Latitude":-44.427727,"Longitude":-47.065292,"Pips":[2,8,2],"event":"Status","timestamp":"2018-07-26T19:32:35Z"}
{"Altitude":6104,"FireGroup":0,"Flags":18874376,"GuiFocus":0,"Heading":217,"Latitude":-44.449875,"Longitude":-47.088547,"Pips":[2,8,2],"event":"Status","timestamp":"2018-07-26T19:32:36Z"}
{"Altitude":4883,"FireGroup":0,"Flags":18874376,"GuiFocus":0,"Heading":217,"Latitude":-44.470432,"Longitude":-47.11013,"Pips":[2,8,2],"event":"Status","timestamp":"2018-07-26T19:32:37Z"}
{"Altitude":3925,"FireGroup":0,"Flags":19136520,"GuiFocus":0,"Heading":217,"Latitude":-44.483856,"Longitude":-47.123989,"Pips":[2,8,2],"event":"Status","timestamp":"2018-07-26T19:32:38Z"}
{"Altitude":3396,"FireGroup":0,"Flags":19136520,"GuiFocus":0,"Heading":217,"Latitude":-44.490963,"Longitude":-47.131462,"Pips":[2,8,2],"event":"Status","timestamp":"2018-07-26T19:32:40Z"}
{"Altitude":3151,"FireGroup":0,"Flags":19136520,"GuiFocus":0,"Heading":216,"Latitude":-44.494488,"Longitude":-47.135151,"Pips":[2,8,2],"event":"Status","timestamp":"2018-07-26T19:32:42Z"}
{"Altitude":2882,"FireGroup":0,"Flags":18874632,"GuiFocus":0,"Heading":215,"Latitude":-44.498066,"Longitude":-47.138611,"Pips":[2,8,2],"event":"Status","timestamp":"2018-07-26T19:32:44Z"}
{"Altitude":2589,"FireGroup":0,"Flags":18874632,"GuiFocus":0,"Heading":216,"Latitude":-44.502041,"Longitude":-47.14249,"Pips":[2,8,2],"event":"Status","timestamp":"2018-07-26T19:32:46Z"}
{"Altitude":2447,"FireGroup":0,"Flags":18874632,"GuiFocus":0,"Heading":215,"Latitude":-44.504017,"Longitude":-47.14444,"Pips":[2,8,2],"event":"Status","timestamp":"2018-07-26T19:32:47Z"}
{"Altitude":2309,"FireGroup":0,"Flags":18874632,"GuiFocus":0,"Heading":216,"Latitude":-44.505928,"Longitude":-47.146328,"Pips":[2,8,2],"event":"Status","timestamp":"2018-07-26T19:32:48Z"}
{"Altitude":2080,"FireGroup":0,"Flags":18874632,"GuiFocus":0,"Heading":218,"Latitude":-44.509514,"Longitude":-47.150097,"Pips":[2,8,2],"event":"Status","timestamp":"2018-07-26T19:32:50Z"}
{"Altitude":1953,"FireGroup":0,"Flags":18874632,"GuiFocus":0,"Heading":218,"Latitude":-44.511192,"Longitude":-47.151943,"Pips":[2,8,2],"event":"Status","timestamp":"2018-07-26T19:32:51Z"}
{"Altitude":1836,"FireGroup":0,"Flags":18874632,"GuiFocus":0,"Heading":219,"Latitude":-44.512745,"Longitude":-47.153671,"Pips":[2,8,2],"event":"Status","timestamp":"2018-07-26T19:32:52Z"}
{"Altitude":1744,"FireGroup":0,"Flags":18874632,"GuiFocus":0,"Heading":218,"Latitude":-44.51413,"Longitude":-47.155205,"Pips":[2,8,2],"event":"Status","timestamp":"2018-07-26T19:32:53Z"}
{"Altitude":1661,"FireGroup":0,"Flags":18940168,"GuiFocus":0,"Heading":215,"Latitude":-44.515408,"Longitude":-47.156528,"Pips":[2,8,2],"event":"Status","timestamp":"2018-07-26T19:32:54Z"}
{"Altitude":1570,"FireGroup":0,"Flags":18940168,"GuiFocus":0,"Heading":213,"Latitude":-44.516773,"Longitude":-47.157825,"Pips":[2,8,2],"event":"Status","timestamp":"2018-07-26T19:32:55Z"}
{"Altitude":1463,"FireGroup":0,"Flags":18940168,"GuiFocus":0,"Heading":211,"Latitude":-44.518387,"Longitude":-47.15921,"Pips":[2,8,2],"event":"Status","timestamp":"2018-07-26T19:32:56Z"}
{"Altitude":1347,"FireGroup":0,"Flags":18940168,"GuiFocus":0,"Heading":206,"Latitude":-44.520149,"Longitude":-47.160538,"Pips":[2,8,2],"event":"Status","timestamp":"2018-07-26T19:32:57Z"}
{"Altitude":1223,"FireGroup":0,"Flags":18940168,"GuiFocus":0,"Heading":202,"Latitude":-44.522095,"Longitude":-47.161781,"Pips":[2,8,2],"event":"Status","timestamp":"2018-07-26T19:32:58Z"}
{"Altitude":1101,"FireGroup":0,"Flags":18940168,"GuiFocus":0,"Heading":200,"Latitude":-44.524147,"Longitude":-47.162884,"Pips":[2,8,2],"event":"Status","timestamp":"2018-07-26T19:32:59Z"}
{"Altitude":976,"FireGroup":0,"Flags":18940168,"GuiFocus":0,"Heading":200,"Latitude":-44.526234,"Longitude":-47.163963,"Pips":[2,8,2],"event":"Status","timestamp":"2018-07-26T19:33:00Z"}
{"Altitude":845,"FireGroup":0,"Flags":18940168,"GuiFocus":0,"Heading":202,"Latitude":-44.52829,"Longitude":-47.165054,"Pips":[2,8,2],"event":"Status","timestamp":"2018-07-26T19:33:01Z"}
{"Altitude":734,"FireGroup":0,"Flags":18940168,"GuiFocus":0,"Heading":203,"Latitude":-44.530209,"Longitude":-47.166161,"Pips":[2,8,2],"event":"Status","timestamp":"2018-07-26T19:33:02Z"}
{"Altitude":643,"FireGroup":0,"Flags":18940168,"GuiFocus":0,"Heading":203,"Latitude":-44.531948,"Longitude":-47.167175,"Pips":[2,8,2],"event":"Status","timestamp":"2018-07-26T19:33:03Z"}
{"Altitude":563,"FireGroup":0,"Flags":18940168,"GuiFocus":0,"Heading":203,"Latitude":-44.533543,"Longitude":-47.16811,"Pips":[2,8,2],"event":"Status","timestamp":"2018-07-26T19:33:04Z"}
{"Altitude":491,"FireGroup":0,"Flags":18940168,"GuiFocus":0,"Heading":209,"Latitude":-44.535042,"Longitude":-47.169136,"Pips":[2,8,2],"event":"Status","timestamp":"2018-07-26T19:33:05Z"}
{"Altitude":424,"FireGroup":0,"Flags":18940168,"GuiFocus":0,"Heading":222,"Latitude":-44.536404,"Longitude":-47.170547,"Pips":[2,8,2],"event":"Status","timestamp":"2018-07-26T19:33:06Z"}
{"Altitude":365,"FireGroup":0,"Flags":18940168,"GuiFocus":0,"Heading":237,"Latitude":-44.537434,"Longitude":-47.172272,"Pips":[2,8,2],"event":"Status","timestamp":"2018-07-26T19:33:07Z"}
{"Altitude":316,"FireGroup":0,"Flags":18940168,"GuiFocus":0,"Heading":241,"Latitude":-44.538155,"Longitude":-47.173943,"Pips":[2,8,2],"event":"Status","timestamp":"2018-07-26T19:33:08Z"}
{"Altitude":272,"FireGroup":0,"Flags":18940168,"GuiFocus":0,"Heading":242,"Latitude":-44.538692,"Longitude":-47.17532,"Pips":[2,8,2],"event":"Status","timestamp":"2018-07-26T19:33:09Z"}
{"Altitude":237,"FireGroup":0,"Flags":18940172,"GuiFocus":0,"Heading":242,"Latitude":-44.539085,"Longitude":-47.176331,"Pips":[2,8,2],"event":"Status","timestamp":"2018-07-26T19:33:10Z"}
{"Altitude":212,"FireGroup":0,"Flags":18940172,"GuiFocus":0,"Heading":242,"Latitude":-44.53936,"Longitude":-47.177036,"Pips":[2,8,2],"event":"Status","timestamp":"2018-07-26T19:33:11Z"}
{"Altitude":199,"FireGroup":0,"Flags":18940172,"GuiFocus":0,"Heading":242,"Latitude":-44.539494,"Longitude":-47.177391,"Pips":[2,8,2],"event":"Status","timestamp":"2018-07-26T19:33:12Z"}
{"Altitude":180,"FireGroup":0,"Flags":18940172,"GuiFocus":0,"Heading":252,"Latitude":-44.539433,"Longitude":-47.177486,"Pips":[2,8,2],"event":"Status","timestamp":"2018-07-26T19:33:15Z"}
{"Altitude":161,"FireGroup":0,"Flags":18940172,"GuiFocus":0,"Heading":252,"Latitude":-44.539413,"Longitude":-47.177452,"Pips":[2,8,2],"event":"Status","timestamp":"2018-07-26T19:33:16Z"}
{"Altitude":133,"FireGroup":0,"Flags":18940172,"GuiFocus":0,"Heading":252,"Latitude":-44.539402,"Longitude":-47.177395,"Pips":[2,8,2],"event":"Status","timestamp":"2018-07-26T19:33:17Z"}
{"Altitude":103,"FireGroup":0,"Flags":18940172,"GuiFocus":0,"Heading":252,"Latitude":-44.539398,"Longitude":-47.177338,"Pips":[2,8,2],"event":"Status","timestamp":"2018-07-26T19:33:18Z"}
{"Altitude":74,"FireGroup":0,"Flags":18940172,"GuiFocus":0,"Heading":252,"Latitude":-44.539391,"Longitude":-47.17728,"Pips":[2,8,2],"event":"Status","timestamp":"2018-07-26T19:33:19Z"}
{"Altitude":324,"FireGroup":0,"Flags":18940174,"GuiFocus":0,"Heading":252,"Latitude":-44.539379,"Longitude":-47.177242,"Pips":[2,8,2],"event":"Status","timestamp":"2018-07-26T19:33:28Z"}
{"Altitude":324,"FireGroup":0,"Flags":18940174,"GuiFocus":4,"Heading":252,"Latitude":-44.539375,"Longitude":-47.177242,"Pips":[2,8,2],"event":"Status","timestamp":"2018-07-26T19:33:33Z"}
{"Altitude":324,"FireGroup":0,"Flags":18940174,"GuiFocus":0,"Heading":252,"Latitude":-44.539375,"Longitude":-47.177242,"Pips":[2,8,2],"event":"Status","timestamp":"2018-07-26T19:33:36Z"}
{"Altitude":324,"FireGroup":0,"Flags":18940174,"GuiFocus":2,"Heading":252,"Latitude":-44.539375,"Longitude":-47.177242,"Pips":[2,8,2],"event":"Status","timestamp":"2018-07-26T19:33:39Z"}
{"Altitude":324,"FireGroup":0,"Flags":18940174,"GuiFocus":0,"Heading":252,"Latitude":-44.539375,"Longitude":-47.177242,"Pips":[2,8,2],"event":"Status","timestamp":"2018-07-26T19:33:43Z"}
{"Altitude":3,"FireGroup":0,"Flags":18940172,"GuiFocus":0,"Heading":252,"Latitude":-44.539375,"Longitude":-47.177242,"Pips":[2,8,2],"event":"Status","timestamp":"2018-07-26T19:33:48Z"}
{"Altitude":14,"FireGroup":0,"Flags":18940168,"GuiFocus":0,"Heading":252,"Latitude":-44.539375,"Longitude":-47.177246,"Pips":[2,8,2],"event":"Status","timestamp":"2018-07-26T19:33:49Z"}
{"Altitude":65,"FireGroup":0,"Flags":18940168,"GuiFocus":0,"Heading":291,"Latitude":-44.538128,"Longitude":-47.182384,"Pips":[2,8,2],"event":"Status","timestamp":"2018-07-26T19:33:54Z"}
{"Altitude":68,"FireGroup":0,"Flags":18940172,"GuiFocus":0,"Heading":291,"Latitude":-44.53648,"Longitude":-47.188393,"Pips":[2,8,2],"event":"Status","timestamp":"2018-07-26T19:33:56Z"}
{"Altitude":68,"FireGroup":0,"Flags":18940172,"GuiFocus":0,"Heading":287,"Latitude":-44.535618,"Longitude":-47.19175,"Pips":[2,8,2],"event":"Status","timestamp":"2018-07-26T19:33:57Z"}
{"Altitude":101,"FireGroup":0,"Flags":18940172,"GuiFocus":0,"Heading":193,"Latitude":-44.530052,"Longitude":-47.210857,"Pips":[2,8,2],"event":"Status","timestamp":"2018-07-26T19:34:05Z"}
{"Altitude":111,"FireGroup":0,"Flags":18940172,"GuiFocus":0,"Heading":178,"Latitude":-44.530403,"Longitude":-47.212788,"Pips":[2,8,2],"event":"Status","timestamp":"2018-07-26T19:34:06Z"}
{"Altitude":119,"FireGroup":0,"Flags":18940172,"GuiFocus":0,"Heading":166,"Latitude":-44.531162,"Longitude":-47.214073,"Pips":[2,8,2],"event":"Status","timestamp":"2018-07-26T19:34:07Z"}
{"Altitude":116,"FireGroup":0,"Flags":18940172,"GuiFocus":0,"Heading":152,"Latitude":-44.53355,"Longitude":-47.214199,"Pips":[2,8,2],"event":"Status","timestamp":"2018-07-26T19:34:09Z"}
{"Altitude":105,"FireGroup":0,"Flags":18940172,"GuiFocus":0,"Heading":148,"Latitude":-44.534691,"Longitude":-47.213444,"Pips":[2,8,2],"event":"Status","timestamp":"2018-07-26T19:34:10Z"}
{"Altitude":97,"FireGroup":0,"Flags":18940172,"GuiFocus":0,"Heading":138,"Latitude":-44.535759,"Longitude":-47.212826,"Pips":[2,8,2],"event":"Status","timestamp":"2018-07-26T19:34:11Z"}
{"Altitude":73,"FireGroup":0,"Flags":18940172,"GuiFocus":0,"Heading":126,"Latitude":-44.537624,"Longitude":-47.212334,"Pips":[2,8,2],"event":"Status","timestamp":"2018-07-26T19:34:13Z"}
{"Altitude":52,"FireGroup":0,"Flags":18940172,"GuiFocus":0,"Heading":127,"Latitude":-44.538177,"Longitude":-47.20956,"Pips":[2,8,2],"event":"Status","timestamp":"2018-07-26T19:34:21Z"}
{"Altitude":340,"FireGroup":0,"Flags":18940173,"GuiFocus":0,"Heading":126,"Latitude":-44.538139,"Longitude":-47.209522,"Pips":[2,8,2],"event":"Status","timestamp":"2018-07-26T19:34:28Z"}
{"Altitude":344,"FireGroup":0,"Flags":18939917,"GuiFocus":0,"Heading":127,"Latitude":-44.538139,"Longitude":-47.209469,"Pips":[2,8,2],"event":"Status","timestamp":"2018-07-26T19:34:31Z"}
{"Altitude":344,"FireGroup":0,"Flags":18939917,"GuiFocus":2,"Heading":127,"Latitude":-44.538132,"Longitude":-47.209476,"Pips":[2,8,2],"event":"Status","timestamp":"2018-07-26T19:34:32Z"}
{"Altitude":342,"FireGroup":0,"Flags":18939917,"GuiFocus":0,"Heading":127,"Latitude":-44.538139,"Longitude":-47.209465,"Pips":[2,8,2],"event":"Status","timestamp":"2018-07-26T19:34:35Z"}
{"Altitude":342,"FireGroup":0,"Flags":18939917,"GuiFocus":5,"Heading":127,"Latitude":-44.538139,"Longitude":-47.209465,"Pips":[2,8,2],"event":"Status","timestamp":"2018-07-26T19:34:38Z"}
{"Altitude":342,"FireGroup":0,"Flags":18939917,"GuiFocus":0,"Heading":127,"Latitude":-44.538139,"Longitude":-47.209465,"Pips":[2,8,2],"event":"Status","timestamp":"2018-07-26T19:38:05Z"}
{"Flags":0,"event":"Status","timestamp":"2018-07-26T19:38:15Z"}
